<?xml version="1.0" encoding="UTF-8"?>
<testng-results skipped="0" failed="0" total="1" passed="1">
  <reporter-output>
  </reporter-output>
  <suite name="Default suite" duration-ms="14792" started-at="2020-11-21T03:05:08Z" finished-at="2020-11-21T03:05:23Z">
    <groups>
      <group name="cucumber">
        <method signature="AbstractTestNGCucumberTests.feature(cucumber.api.testng.CucumberFeatureWrapper)[pri:0, instance:runner.Runner@cc285f4]" name="feature" class="cucumber.api.testng.AbstractTestNGCucumberTests"/>
      </group> <!-- cucumber -->
    </groups>
    <test name="Default test" duration-ms="14792" started-at="2020-11-21T03:05:08Z" finished-at="2020-11-21T03:05:23Z">
      <class name="runner.Runner">
        <test-method status="PASS" signature="setUpClass()[pri:0, instance:runner.Runner@cc285f4]" test-instance-name="" name="setUpClass" is-config="true" duration-ms="263" started-at="2020-11-21T08:35:08Z" finished-at="2020-11-21T08:35:08Z">
          <reporter-output>
          </reporter-output>
        </test-method> <!-- setUpClass -->
        <test-method name="feature" test-instance-name="" signature="feature(cucumber.api.testng.CucumberFeatureWrapper)[pri:0, instance:runner.Runner@cc285f4]" status="PASS" duration-ms="14420" finished-at="2020-11-21T08:35:23Z" started-at="2020-11-21T08:35:09Z" data-provider="features" description="Runs Cucumber Feature">
          <params>
            <param index="0">
              <value>
                <![CDATA[Testing the Login feature of Actitime Application]]>
              </value>
            </param>
          </params>
          <reporter-output>
          </reporter-output>
        </test-method> <!-- feature -->
        <test-method status="PASS" signature="tearDownClass()[pri:0, instance:runner.Runner@cc285f4]" test-instance-name="" name="tearDownClass" is-config="true" duration-ms="17" started-at="2020-11-21T08:35:23Z" finished-at="2020-11-21T08:35:23Z">
          <reporter-output>
          </reporter-output>
        </test-method> <!-- tearDownClass -->
      </class> <!-- runner.Runner -->
    </test> <!-- Default test -->
  </suite> <!-- Default suite -->
</testng-results>
